2026-07-17 16:02:30,395 INFO companies loaded (93 rows)
2026-07-17 16:02:30,432 INFO profitandloss loaded (1277 rows)
2026-07-17 16:02:30,466 INFO balancesheet loaded (1313 rows)
2026-07-17 16:02:30,495 INFO cashflow loaded (1188 rows)
2026-07-17 16:02:30,521 INFO financial_ratios loaded (1184 rows)
2026-07-17 16:02:30,546 INFO documents loaded (1586 rows)
2026-07-17 16:02:30,567 INFO analysis loaded (21 rows)
2026-07-17 16:02:30,588 INFO prosandcons loaded (17 rows)
2026-07-17 16:02:30,605 INFO market_cap loaded (552 rows)
2026-07-17 16:02:30,626 INFO peer_groups loaded (56 rows)
2026-07-17 16:02:30,644 INFO sectors loaded (92 rows)
2026-07-17 16:02:30,688 INFO stock_prices loaded (5520 rows)
2026-07-17 16:09:28,171 INFO companies : 93 rows loaded
2026-07-17 16:09:28,206 INFO profitandloss : 1277 rows loaded
2026-07-17 16:09:28,238 INFO balancesheet : 1313 rows loaded
2026-07-17 16:09:28,259 INFO cashflow : 1188 rows loaded
2026-07-17 16:09:28,288 INFO financial_ratios : 1184 rows loaded
2026-07-17 16:09:28,307 INFO documents : 1586 rows loaded
2026-07-17 16:09:28,318 INFO analysis : 21 rows loaded
2026-07-17 16:09:28,328 INFO prosandcons : 17 rows loaded
2026-07-17 16:09:28,350 INFO market_cap : 552 rows loaded
2026-07-17 16:09:28,360 INFO peer_groups : 56 rows loaded
2026-07-17 16:09:28,370 INFO sectors : 92 rows loaded
2026-07-17 16:09:28,419 INFO stock_prices : 5520 rows loaded
2026-07-20 22:35:36,788 INFO companies : 93 rows loaded
2026-07-20 22:35:36,831 INFO profitandloss : 1277 rows loaded
2026-07-20 22:35:36,871 INFO balancesheet : 1313 rows loaded
2026-07-20 22:35:36,894 INFO cashflow : 1188 rows loaded
2026-07-20 22:35:36,931 INFO financial_ratios : 1184 rows loaded
2026-07-20 22:35:36,958 INFO documents : 1586 rows loaded
2026-07-20 22:35:36,966 INFO analysis : 21 rows loaded
2026-07-20 22:35:36,976 INFO prosandcons : 17 rows loaded
2026-07-20 22:35:36,999 INFO market_cap : 552 rows loaded
2026-07-20 22:35:37,009 INFO peer_groups : 56 rows loaded
2026-07-20 22:35:37,024 INFO sectors : 92 rows loaded
2026-07-20 22:35:37,156 INFO stock_prices : 5520 rows loaded
2026-07-20 23:33:05,059 ERROR table companies has no column named id
Traceback (most recent call last):
  File "C:\Users\Bhagyesh\N100-Financial-Intelligence\src\etl\database_loader.py", line 56, in load_all
    df.to_sql(
    ~~~~~~~~~^
    
    
    ...<11 lines>...
    
    
    )
    ^
  File "C:\Users\Bhagyesh\N100-Financial-Intelligence\venv\Lib\site-packages\pandas\core\generic.py", line 3052, in to_sql
    return sql.to_sql(
           ~~~~~~~~~~^
        self,
        ^^^^^
    ...<8 lines>...
        method=method,
        ^^^^^^^^^^^^^^
    )
    ^
  File "C:\Users\Bhagyesh\N100-Financial-Intelligence\venv\Lib\site-packages\pandas\io\sql.py", line 841, in to_sql
    return pandas_sql.to_sql(
           ~~~~~~~~~~~~~~~~~^
        frame,
        ^^^^^^
    ...<9 lines>...
        **engine_kwargs,
        ^^^^^^^^^^^^^^^^
    )
    ^
  File "C:\Users\Bhagyesh\N100-Financial-Intelligence\venv\Lib\site-packages\pandas\io\sql.py", line 2880, in to_sql
    return table.insert(chunksize, method)
           ~~~~~~~~~~~~^^^^^^^^^^^^^^^^^^^
  File "C:\Users\Bhagyesh\N100-Financial-Intelligence\venv\Lib\site-packages\pandas\io\sql.py", line 1122, in insert
    num_inserted = exec_insert(conn, keys, chunk_iter)
  File "C:\Users\Bhagyesh\N100-Financial-Intelligence\venv\Lib\site-packages\pandas\io\sql.py", line 2579, in _execute_insert_multi
    conn.execute(self.insert_statement(num_rows=len(data_list)), flattened_data)
    ~~~~~~~~~~~~^^^^^^^^^^^^^^^^^^^^^^^^^^^^^^^^^^^^^^^^^^^^^^^^^^^^^^^^^^^^^^^^
sqlite3.OperationalError: table companies has no column named id
